#
# There is insufficient memory for the Java Runtime Environment to continue.
# Native memory allocation (mmap) failed to map 264241152 bytes for G1 virtual space
# Possible reasons:
#   The system is out of physical RAM or swap space
#   The process is running with CompressedOops enabled, and the Java Heap may be blocking the growth of the native heap
# Possible solutions:
#   Reduce memory load on the system
#   Increase physical memory or swap space
#   Check if swap backing store is full
#   Decrease Java heap size (-Xmx/-Xms)
#   Decrease number of Java threads
#   Decrease Java thread stack sizes (-Xss)
#   Set larger code cache with -XX:ReservedCodeCacheSize=
#   JVM is running with Zero Based Compressed Oops mode in which the Java heap is
#     placed in the first 32GB address space. The Java Heap base address is the
#     maximum limit for the native heap growth. Please use -XX:HeapBaseMinAddress
#     to set the Java Heap base and to place the Java Heap above 32GB virtual address.
# This output file may be truncated or incomplete.
#
#  Out of Memory Error (os_windows.cpp:3530), pid=11648, tid=9740
#
# JRE version:  (18.0.2+9) (build )
# Java VM: OpenJDK 64-Bit Server VM (18.0.2+9-FR, mixed mode, sharing, tiered, compressed oops, compressed class ptrs, g1 gc, windows-amd64)
# No core dump will be written. Minidumps are not enabled by default on client versions of Windows
#

---------------  S U M M A R Y ------------

Command Line: -Dmaven.multiModuleProjectDirectory=D:\EdgeData\SpringBoot-Vue-Template-Jwt-main\SpringBoot-Vue-Template-Jwt-main\my-project-backend -Djansi.passthrough=true -Dmaven.home=E:\IntelliJ IDEA 2023.3.2\plugins\maven\lib\maven3 -Dclassworlds.conf=E:\IntelliJ IDEA 2023.3.2\plugins\maven\lib\maven3\bin\m2.conf -Dmaven.ext.class.path=E:\IntelliJ IDEA 2023.3.2\plugins\maven\lib\maven-event-listener.jar -javaagent:E:\IntelliJ IDEA 2023.3.2\lib\idea_rt.jar=60954:E:\IntelliJ IDEA 2023.3.2\bin -Dfile.encoding=UTF-8 -Dsun.stdout.encoding=UTF-8 -Dsun.stderr.encoding=UTF-8 org.codehaus.classworlds.Launcher -Didea.version=2023.3.2 install

Host: 12th Gen Intel(R) Core(TM) i7-12700H, 20 cores, 15G,  Windows 11 , 64 bit Build 22621 (10.0.22621.2506)
Time: Fri Jan  5 15:47:07 2024  Windows 11 , 64 bit Build 22621 (10.0.22621.2506) elapsed time: 0.010752 seconds (0d 0h 0m 0s)

---------------  T H R E A D  ---------------

Current thread (0x000002c97419add0):  JavaThread "Unknown thread" [_thread_in_vm, id=9740, stack(0x000000eea5e00000,0x000000eea5f00000)]

Stack: [0x000000eea5e00000,0x000000eea5f00000]
Native frames: (J=compiled Java code, j=interpreted, Vv=VM code, C=native code)
V  [jvm.dll+0x685a2a]
V  [jvm.dll+0x82ae8d]
V  [jvm.dll+0x82c75e]
V  [jvm.dll+0x82ce03]
V  [jvm.dll+0x25ef4b]
V  [jvm.dll+0x6828ca]
V  [jvm.dll+0x67745a]
V  [jvm.dll+0x3243f9]
V  [jvm.dll+0x32ba86]
V  [jvm.dll+0x37e00a]
V  [jvm.dll+0x37e24f]
V  [jvm.dll+0x2fb50a]
V  [jvm.dll+0x2fc581]
V  [jvm.dll+0x7fb300]
V  [jvm.dll+0x38af71]
V  [jvm.dll+0x7dab95]
V  [jvm.dll+0x4058f3]
V  [jvm.dll+0x4072b1]
C  [jli.dll+0x519f]
C  [ucrtbase.dll+0x29363]
C  [KERNEL32.DLL+0x1257d]
C  [ntdll.dll+0x5aa58]


---------------  P R O C E S S  ---------------

Threads class SMR info:
_java_thread_list=0x00007ffb31c19610, length=0, elements={
}

Java Threads: ( => current thread )

Other Threads:
  0x000002c97420c200 WorkerThread "GC Thread#0" [stack: 0x000000eea5f00000,0x000000eea6000000] [id=11372]
  0x000002c97421ccf0 ConcurrentGCThread "G1 Main Marker" [stack: 0x000000eea6000000,0x000000eea6100000] [id=11244]
  0x000002c97421df20 WorkerThread "G1 Conc#0" [stack: 0x000000eea6100000,0x000000eea6200000] [id=11352]

[error occurred during error reporting (printing all threads), id 0xc0000005, EXCEPTION_ACCESS_VIOLATION (0xc0000005) at pc=0x00007ffb313ec5c7]

VM state: not at safepoint (not fully initialized)

VM Mutex/Monitor currently owned by a thread:  ([mutex/lock_event])
[0x000002c974194640] Heap_lock - owner thread: 0x000002c97419add0

Heap address: 0x0000000704400000, size: 4028 MB, Compressed Oops mode: Zero based, Oop shift amount: 3

CDS archive(s) mapped at: [0x0000000000000000-0x0000000000000000-0x0000000000000000), size 0, SharedBaseAddress: 0x0000000800000000, ArchiveRelocationMode: 0.
Narrow klass base: 0x0000000000000000, Narrow klass shift: 0, Narrow klass range: 0x0

GC Precious Log:
 CardTable entry size: 512
 Card Set container configuration: InlinePtr #cards 4 size 8 Array Of Cards #cards 16 size 48 Howl #buckets 8 coarsen threshold 3686 Howl Bitmap #cards 512 size 80 coarsen threshold 460 Card regions per heap region 1 cards per card region 4096

Heap:
 garbage-first heap   total 0K, used 0K [0x0000000704400000, 0x0000000800000000)
  region size 2048K, 0 young (0K), 0 survivors (0K)

[error occurred during error reporting (printing heap information), id 0xc0000005, EXCEPTION_ACCESS_VIOLATION (0xc0000005) at pc=0x00007ffb317bd5a9]

GC Heap History (0 events):
No events

Deoptimization events (0 events):
No events

Classes loaded (0 events):
No events

Classes unloaded (0 events):
No events

Classes redefined (0 events):
No events

Internal exceptions (0 events):
No events

VM Operations (0 events):
No events

Events (1 events):
Event: 0.007 Loaded shared library C:\Users\18280\.jdks\corretto-18.0.2\bin\java.dll


Dynamic libraries:
0x00007ff6d5d50000 - 0x00007ff6d5d5d000 	C:\Users\18280\.jdks\corretto-18.0.2\bin\java.exe
0x00007ffbcab70000 - 0x00007ffbcad87000 	C:\WINDOWS\SYSTEM32\ntdll.dll
0x00007ffbc92c0000 - 0x00007ffbc9384000 	C:\WINDOWS\System32\KERNEL32.DLL
0x00007ffbc8000000 - 0x00007ffbc83a6000 	C:\WINDOWS\System32\KERNELBASE.dll
0x00007ffbc7ee0000 - 0x00007ffbc7ff1000 	C:\WINDOWS\System32\ucrtbase.dll
0x00007ffbb1b50000 - 0x00007ffbb1b67000 	C:\Users\18280\.jdks\corretto-18.0.2\bin\jli.dll
0x00007ffbc2e20000 - 0x00007ffbc2e35000 	C:\Users\18280\.jdks\corretto-18.0.2\bin\VCRUNTIME140.dll
0x00007ffbc9ca0000 - 0x00007ffbc9e4e000 	C:\WINDOWS\System32\USER32.dll
0x00007ffbc83b0000 - 0x00007ffbc83d6000 	C:\WINDOWS\System32\win32u.dll
0x00007ffbc88c0000 - 0x00007ffbc88e9000 	C:\WINDOWS\System32\GDI32.dll
0x00007ffbc8480000 - 0x00007ffbc8598000 	C:\WINDOWS\System32\gdi32full.dll
0x00007ffb9f3c0000 - 0x00007ffb9f653000 	C:\WINDOWS\WinSxS\amd64_microsoft.windows.common-controls_6595b64144ccf1df_6.0.22621.2506_none_270c5ae97388e100\COMCTL32.dll
0x00007ffbc83e0000 - 0x00007ffbc847a000 	C:\WINDOWS\System32\msvcp_win.dll
0x00007ffbc9020000 - 0x00007ffbc90c7000 	C:\WINDOWS\System32\msvcrt.dll
0x00007ffbc8fe0000 - 0x00007ffbc9011000 	C:\WINDOWS\System32\IMM32.DLL
0x00007ffbaf840000 - 0x00007ffbaf8db000 	C:\Users\18280\.jdks\corretto-18.0.2\bin\msvcp140.dll
0x00007ffb310e0000 - 0x00007ffb31d51000 	C:\Users\18280\.jdks\corretto-18.0.2\bin\server\jvm.dll
0x00007ffbc9150000 - 0x00007ffbc9201000 	C:\WINDOWS\System32\ADVAPI32.dll
0x00007ffbc9bf0000 - 0x00007ffbc9c95000 	C:\WINDOWS\System32\sechost.dll
0x00007ffbc8b40000 - 0x00007ffbc8c57000 	C:\WINDOWS\System32\RPCRT4.dll
0x00007ffbc8f00000 - 0x00007ffbc8f08000 	C:\WINDOWS\System32\PSAPI.DLL
0x00007ffbb7860000 - 0x00007ffbb7894000 	C:\WINDOWS\SYSTEM32\WINMM.dll
0x00007ffb90920000 - 0x00007ffb90929000 	C:\WINDOWS\SYSTEM32\WSOCK32.dll
0x00007ffbb9e40000 - 0x00007ffbb9e4a000 	C:\WINDOWS\SYSTEM32\VERSION.dll
0x00007ffbc88f0000 - 0x00007ffbc8961000 	C:\WINDOWS\System32\WS2_32.dll
0x00007ffbc6fd0000 - 0x00007ffbc6fe8000 	C:\WINDOWS\SYSTEM32\kernel.appcore.dll
0x00007ffbc2e10000 - 0x00007ffbc2e1a000 	C:\Users\18280\.jdks\corretto-18.0.2\bin\jimage.dll
0x00007ffbc52a0000 - 0x00007ffbc54d3000 	C:\WINDOWS\SYSTEM32\DBGHELP.DLL
0x00007ffbc9eb0000 - 0x00007ffbca239000 	C:\WINDOWS\System32\combase.dll
0x00007ffbca9c0000 - 0x00007ffbcaa97000 	C:\WINDOWS\System32\OLEAUT32.dll
0x00007ffbb1c30000 - 0x00007ffbb1c62000 	C:\WINDOWS\SYSTEM32\dbgcore.DLL
0x00007ffbc8660000 - 0x00007ffbc86da000 	C:\WINDOWS\System32\bcryptPrimitives.dll
0x00007ffbc1cf0000 - 0x00007ffbc1cfe000 	C:\Users\18280\.jdks\corretto-18.0.2\bin\instrument.dll
0x00007ffbafc50000 - 0x00007ffbafc75000 	C:\Users\18280\.jdks\corretto-18.0.2\bin\java.dll

dbghelp: loaded successfully - version: 4.0.5 - missing functions: none
symbol engine: initialized successfully - sym options: 0x614 - pdb path: .;C:\Users\18280\.jdks\corretto-18.0.2\bin;C:\WINDOWS\SYSTEM32;C:\WINDOWS\WinSxS\amd64_microsoft.windows.common-controls_6595b64144ccf1df_6.0.22621.2506_none_270c5ae97388e100;C:\Users\18280\.jdks\corretto-18.0.2\bin\server

VM Arguments:
jvm_args: -Dmaven.multiModuleProjectDirectory=D:\EdgeData\SpringBoot-Vue-Template-Jwt-main\SpringBoot-Vue-Template-Jwt-main\my-project-backend -Djansi.passthrough=true -Dmaven.home=E:\IntelliJ IDEA 2023.3.2\plugins\maven\lib\maven3 -Dclassworlds.conf=E:\IntelliJ IDEA 2023.3.2\plugins\maven\lib\maven3\bin\m2.conf -Dmaven.ext.class.path=E:\IntelliJ IDEA 2023.3.2\plugins\maven\lib\maven-event-listener.jar -javaagent:E:\IntelliJ IDEA 2023.3.2\lib\idea_rt.jar=60954:E:\IntelliJ IDEA 2023.3.2\bin -Dfile.encoding=UTF-8 -Dsun.stdout.encoding=UTF-8 -Dsun.stderr.encoding=UTF-8 
java_command: org.codehaus.classworlds.Launcher -Didea.version=2023.3.2 install
java_class_path (initial): E:\IntelliJ IDEA 2023.3.2\plugins\maven\lib\maven3\boot\plexus-classworlds-2.7.0.jar;E:\IntelliJ IDEA 2023.3.2\plugins\maven\lib\maven3\boot\plexus-classworlds.license
Launcher Type: SUN_STANDARD

[Global flags]
     intx CICompilerCount                          = 12                                        {product} {ergonomic}
     uint ConcGCThreads                            = 4                                         {product} {ergonomic}
     uint G1ConcRefinementThreads                  = 15                                        {product} {ergonomic}
   size_t G1HeapRegionSize                         = 2097152                                   {product} {ergonomic}
    uintx GCDrainStackTargetSize                   = 64                                        {product} {ergonomic}
   size_t InitialHeapSize                          = 264241152                                 {product} {ergonomic}
   size_t MarkStackSize                            = 4194304                                   {product} {ergonomic}
   size_t MaxHeapSize                              = 4223664128                                {product} {ergonomic}
   size_t MinHeapDeltaBytes                        = 2097152                                   {product} {ergonomic}
   size_t MinHeapSize                              = 8388608                                   {product} {ergonomic}
    uintx NonNMethodCodeHeapSize                   = 7602480                                {pd product} {ergonomic}
    uintx NonProfiledCodeHeapSize                  = 122027880                              {pd product} {ergonomic}
    uintx ProfiledCodeHeapSize                     = 122027880                              {pd product} {ergonomic}
    uintx ReservedCodeCacheSize                    = 251658240                              {pd product} {ergonomic}
     bool SegmentedCodeCache                       = true                                      {product} {ergonomic}
   size_t SoftMaxHeapSize                          = 4223664128                             {manageable} {ergonomic}
     bool UseCompressedClassPointers               = true                           {product lp64_product} {ergonomic}
     bool UseCompressedOops                        = true                           {product lp64_product} {ergonomic}
     bool UseG1GC                                  = true                                      {product} {ergonomic}
     bool UseLargePagesIndividualAllocation        = false                                  {pd product} {ergonomic}

Logging:
Log output configuration:
 #0: stdout all=warning uptime,level,tags foldmultilines=false
 #1: stderr all=off uptime,level,tags foldmultilines=false

Environment Variables:
JAVA_HOME=D:\JDBK
PATH=C:\Program Files (x86)\Common Files\Intel\Shared Libraries\redist\intel64\compiler;C:\Program Files\NVIDIA GPU Computing Toolkit\CUDA\v11.7\bin;C:\Program Files\NVIDIA GPU Computing Toolkit\CUDA\v11.7\libnvvp;E:\VMware\VMware Workstation\bin\;C:\Program Files (x86)\NVIDIA Corporation\PhysX\Common;C:\WINDOWS;C:\WINDOWS\System32\Wbem;C:\WINDOWS\System32\WindowsPowerShell\v1.0\;D:\Git\usr\bin\;C:\Program Files\dotnet\;D:\MinGW\bin;D:\Matlab\bin;C:\ProgramData\chocolatey\bin;node_global;C:\Program Files\NVIDIA Corporation\Nsight Compute 2022.2.0\;D:\Git\cmd;D:\JRE\bin;D:\nvm;C:\Program Files\nodejs;C:\Program Files\nodejs\;D:\QT\QT5.12.9\5.12.9\mingw73_64\bin;D:\QT\QT5.12.9\Tools\mingw730_64\bin;D:\QT\QT5.12.9\Tools\QtCreator;C:\Program Files\NVIDIA Corporation\NVIDIA NvDLISR;C:\Program Files\nodejs\node_global;C:\WINDOWS\System32\;E:\Masm5\Masm5;E:\MySQL\bin;E:\IntelliJ IDEA Community Edition 2023.3.2\bin;E:\apache-maven-3.9.6\bin;D:\SoftWare\;D:\java\bin;E:\Erlang OTP\bin;C:\Users\18280\AppData\Local\Programs\Python\Python310\Scripts\;C:\Users\18280\AppData\Local\Programs\Python\Python310\;C:\Users\18280\AppData\Local\Microsoft\WindowsApps;D:\Microsoft VS Code\bin;C:\Users\18280\.dotnet\tools;E:\IntelliJ IDEA 2023.3.2\bin;;D:\nvm;C:\Program Files\nodejs;C:\Users\18280\AppData\Roaming\npm;C:\Users\18280\AppData\Local\GitHubDesktop\bin;D:\Git\usr\bin\;E:\IntelliJ IDEA Community Edition 2023.3.2\bin;;
USERNAME=18280
OS=Windows_NT
PROCESSOR_IDENTIFIER=Intel64 Family 6 Model 154 Stepping 3, GenuineIntel



---------------  S Y S T E M  ---------------

OS:
 Windows 11 , 64 bit Build 22621 (10.0.22621.2506)
OS uptime: 0 days 1:12 hours

CPU: total 20 (initial active 20) (10 cores per cpu, 2 threads per core) family 6 model 154 stepping 3 microcode 0x413, cx8, cmov, fxsr, ht, mmx, 3dnowpref, sse, sse2, sse3, ssse3, sse4.1, sse4.2, popcnt, lzcnt, tsc, tscinvbit, avx, avx2, aes, erms, clmul, bmi1, bmi2, adx, sha, fma, vzeroupper, clflush, clflushopt, clwb, serialize

Memory: 4k page, system-wide physical 16108M (5622M free)
TotalPageFile size 41708M (AvailPageFile size 139M)
current process WorkingSet (physical memory assigned to process): 11M, peak: 11M
current process commit charge ("private bytes"): 75M, peak: 327M

vm_info: OpenJDK 64-Bit Server VM (18.0.2+9-FR) for windows-amd64 JRE (18.0.2+9-FR), built on Jul 15 2022 20:03:03 by "Administrator" with MS VC++ 15.9 (VS2017)

END.
