#
# There is insufficient memory for the Java Runtime Environment to continue.
# Native memory allocation (malloc) failed to allocate 32744 bytes for Chunk::new
# Possible reasons:
#   The system is out of physical RAM or swap space
#   The process is running with CompressedOops enabled, and the Java Heap may be blocking the growth of the native heap
# Possible solutions:
#   Reduce memory load on the system
#   Increase physical memory or swap space
#   Check if swap backing store is full
#   Decrease Java heap size (-Xmx/-Xms)
#   Decrease number of Java threads
#   Decrease Java thread stack sizes (-Xss)
#   Set larger code cache with -XX:ReservedCodeCacheSize=
#   JVM is running with Zero Based Compressed Oops mode in which the Java heap is
#     placed in the first 32GB address space. The Java Heap base address is the
#     maximum limit for the native heap growth. Please use -XX:HeapBaseMinAddress
#     to set the Java Heap base and to place the Java Heap above 32GB virtual address.
# This output file may be truncated or incomplete.
#
#  Out of Memory Error (arena.cpp:184), pid=12644, tid=20128
#
# JRE version: OpenJDK Runtime Environment Corretto-18.0.2.9.1 (18.0.2+9) (build 18.0.2+9-FR)
# Java VM: OpenJDK 64-Bit Server VM Corretto-18.0.2.9.1 (18.0.2+9-FR, mixed mode, tiered, compressed oops, compressed class ptrs, g1 gc, windows-amd64)
# No core dump will be written. Minidumps are not enabled by default on client versions of Windows
#

---------------  S U M M A R Y ------------

Command Line: -Dmaven.multiModuleProjectDirectory=D:\EdgeData\SpringBoot-Vue-Template-Jwt-main\SpringBoot-Vue-Template-Jwt-main\my-project-backend -Djansi.passthrough=true -Dmaven.home=E:\IntelliJ IDEA 2023.3.2\plugins\maven\lib\maven3 -Dclassworlds.conf=E:\IntelliJ IDEA 2023.3.2\plugins\maven\lib\maven3\bin\m2.conf -Dmaven.ext.class.path=E:\IntelliJ IDEA 2023.3.2\plugins\maven\lib\maven-event-listener.jar -javaagent:E:\IntelliJ IDEA 2023.3.2\lib\idea_rt.jar=60936:E:\IntelliJ IDEA 2023.3.2\bin -Dfile.encoding=UTF-8 -Dsun.stdout.encoding=UTF-8 -Dsun.stderr.encoding=UTF-8 org.codehaus.classworlds.Launcher -Didea.version=2023.3.2 install

Host: 12th Gen Intel(R) Core(TM) i7-12700H, 20 cores, 15G,  Windows 11 , 64 bit Build 22621 (10.0.22621.2506)
Time: Fri Jan  5 15:46:42 2024  Windows 11 , 64 bit Build 22621 (10.0.22621.2506) elapsed time: 0.108132 seconds (0d 0h 0m 0s)

---------------  T H R E A D  ---------------

Current thread (0x0000023a84082600):  JavaThread "C2 CompilerThread0" daemon [_thread_in_native, id=20128, stack(0x000000add9100000,0x000000add9200000)]


Current CompileTask:
C2:    108  133       4       java.util.HashMap::afterNodeInsertion (1 bytes)

Stack: [0x000000add9100000,0x000000add9200000]
Native frames: (J=compiled Java code, j=interpreted, Vv=VM code, C=native code)
V  [jvm.dll+0x685a2a]
V  [jvm.dll+0x82ae8d]
V  [jvm.dll+0x82c75e]
V  [jvm.dll+0x82ce03]
V  [jvm.dll+0x25ef4b]
V  [jvm.dll+0xd42d2]
V  [jvm.dll+0xd4665]
V  [jvm.dll+0x38578b]
V  [jvm.dll+0x1d8993]
V  [jvm.dll+0x233b4f]
V  [jvm.dll+0x232f37]
V  [jvm.dll+0x1c0a35]
V  [jvm.dll+0x24212c]
V  [jvm.dll+0x240534]
V  [jvm.dll+0x7df6db]
V  [jvm.dll+0x7d9cba]
V  [jvm.dll+0x6848a5]
C  [ucrtbase.dll+0x29363]
C  [KERNEL32.DLL+0x1257d]
C  [ntdll.dll+0x5aa58]


---------------  P R O C E S S  ---------------

Threads class SMR info:
_java_thread_list=0x0000023a84230870, length=15, elements={
0x0000023acab2a820, 0x0000023a840438d0, 0x0000023aee7cf6d0, 0x0000023aee7de580,
0x0000023a840807d0, 0x0000023a84081080, 0x0000023a84081930, 0x0000023a84082600,
0x0000023a84084ff0, 0x0000023a84099010, 0x0000023a841a3b20, 0x0000023a841a3fe0,
0x0000023aee746510, 0x0000023aee746a10, 0x0000023a8426cc20
}

Java Threads: ( => current thread )
  0x0000023acab2a820 JavaThread "main" [_thread_in_vm, id=22640, stack(0x000000add8400000,0x000000add8500000)]
  0x0000023a840438d0 JavaThread "Reference Handler" daemon [_thread_blocked, id=18616, stack(0x000000add8b00000,0x000000add8c00000)]
  0x0000023aee7cf6d0 JavaThread "Finalizer" daemon [_thread_blocked, id=28484, stack(0x000000add8c00000,0x000000add8d00000)]
  0x0000023aee7de580 JavaThread "Signal Dispatcher" daemon [_thread_blocked, id=20976, stack(0x000000add8d00000,0x000000add8e00000)]
  0x0000023a840807d0 JavaThread "Attach Listener" daemon [_thread_blocked, id=7448, stack(0x000000add8e00000,0x000000add8f00000)]
  0x0000023a84081080 JavaThread "Service Thread" daemon [_thread_blocked, id=25392, stack(0x000000add8f00000,0x000000add9000000)]
  0x0000023a84081930 JavaThread "Monitor Deflation Thread" daemon [_thread_blocked, id=28328, stack(0x000000add9000000,0x000000add9100000)]
=>0x0000023a84082600 JavaThread "C2 CompilerThread0" daemon [_thread_in_native, id=20128, stack(0x000000add9100000,0x000000add9200000)]
  0x0000023a84084ff0 JavaThread "C1 CompilerThread0" daemon [_thread_in_vm, id=12320, stack(0x000000add9200000,0x000000add9300000)]
  0x0000023a84099010 JavaThread "Sweeper thread" daemon [_thread_blocked, id=25812, stack(0x000000add9300000,0x000000add9400000)]
  0x0000023a841a3b20 JavaThread "Common-Cleaner" daemon [_thread_blocked, id=19528, stack(0x000000add9400000,0x000000add9500000)]
  0x0000023a841a3fe0 JavaThread "C1 CompilerThread1" daemon [_thread_in_vm, id=20700, stack(0x000000add9500000,0x000000add9600000)]
  0x0000023aee746510 JavaThread "C1 CompilerThread2" daemon [_thread_blocked, id=20028, stack(0x000000add9600000,0x000000add9700000)]
  0x0000023aee746a10 JavaThread "C1 CompilerThread3" daemon [_thread_blocked, id=17096, stack(0x000000add9700000,0x000000add9800000)]
  0x0000023a8426cc20 JavaThread "C2 CompilerThread1" daemon [_thread_blocked, id=28004, stack(0x000000add9800000,0x000000add9900000)]

Other Threads:
  0x0000023a84042010 VMThread "VM Thread" [stack: 0x000000add8a00000,0x000000add8b00000] [id=1860]
  0x0000023acab9cc50 WorkerThread "GC Thread#0" [stack: 0x000000add8500000,0x000000add8600000] [id=11852]
  0x0000023acabae750 ConcurrentGCThread "G1 Main Marker" [stack: 0x000000add8600000,0x000000add8700000] [id=27256]
  0x0000023acabaf140 WorkerThread "G1 Conc#0" [stack: 0x000000add8700000,0x000000add8800000] [id=11380]
  0x0000023acabeec10 ConcurrentGCThread "G1 Refine#0" [stack: 0x000000add8800000,0x000000add8900000] [id=27208]
  0x0000023aee615460 ConcurrentGCThread "G1 Service" [stack: 0x000000add8900000,0x000000add8a00000] [id=10508]

Threads with active compile tasks:
C2 CompilerThread0      128  133       4       java.util.HashMap::afterNodeInsertion (1 bytes)
C1 CompilerThread0      128  181       1       java.util.HashMap::size (5 bytes)
C1 CompilerThread1      128  182       3       java.util.AbstractMap::<init> (5 bytes)

VM state: not at safepoint (normal execution)

VM Mutex/Monitor currently owned by a thread:  ([mutex/lock_event])
[0x0000023acab237d0] Metaspace_lock - owner thread: 0x0000023acab2a820

Heap address: 0x0000000704400000, size: 4028 MB, Compressed Oops mode: Zero based, Oop shift amount: 3

CDS archive(s) not mapped
Compressed class space mapped at: 0x0000000800000000-0x0000000840000000, reserved size: 1073741824
Narrow klass base: 0x0000000800000000, Narrow klass shift: 0, Narrow klass range: 0x40000000

GC Precious Log:
 CardTable entry size: 512
 Card Set container configuration: InlinePtr #cards 4 size 8 Array Of Cards #cards 16 size 48 Howl #buckets 8 coarsen threshold 3686 Howl Bitmap #cards 512 size 80 coarsen threshold 460 Card regions per heap region 1 cards per card region 4096
 CPUs: 20 total, 20 available
 Memory: 16108M
 Large Page Support: Disabled
 NUMA Support: Disabled
 Compressed Oops: Enabled (Zero based)
 Heap Region Size: 2M
 Heap Min Capacity: 8M
 Heap Initial Capacity: 252M
 Heap Max Capacity: 4028M
 Pre-touch: Disabled
 Parallel Workers: 15
 Concurrent Workers: 4
 Concurrent Refinement Workers: 15
 Periodic GC: Disabled

Heap:
 garbage-first heap   total 258048K, used 2048K [0x0000000704400000, 0x0000000800000000)
  region size 2048K, 2 young (4096K), 0 survivors (0K)
 Metaspace       used 5073K, committed 5248K, reserved 1114112K
  class space    used 399K, committed 512K, reserved 1048576K

Heap Regions: E=young(eden), S=young(survivor), O=old, HS=humongous(starts), HC=humongous(continues), CS=collection set, F=free, OA=open archive, CA=closed archive, TAMS=top-at-mark-start (previous, next)
|   0|0x0000000704400000, 0x0000000704400000, 0x0000000704600000|  0%| F|  |TAMS 0x0000000704400000, 0x0000000704400000| Untracked 
|   1|0x0000000704600000, 0x0000000704600000, 0x0000000704800000|  0%| F|  |TAMS 0x0000000704600000, 0x0000000704600000| Untracked 
|   2|0x0000000704800000, 0x0000000704800000, 0x0000000704a00000|  0%| F|  |TAMS 0x0000000704800000, 0x0000000704800000| Untracked 
|   3|0x0000000704a00000, 0x0000000704a00000, 0x0000000704c00000|  0%| F|  |TAMS 0x0000000704a00000, 0x0000000704a00000| Untracked 
|   4|0x0000000704c00000, 0x0000000704c00000, 0x0000000704e00000|  0%| F|  |TAMS 0x0000000704c00000, 0x0000000704c00000| Untracked 
|   5|0x0000000704e00000, 0x0000000704e00000, 0x0000000705000000|  0%| F|  |TAMS 0x0000000704e00000, 0x0000000704e00000| Untracked 
|   6|0x0000000705000000, 0x0000000705000000, 0x0000000705200000|  0%| F|  |TAMS 0x0000000705000000, 0x0000000705000000| Untracked 
|   7|0x0000000705200000, 0x0000000705200000, 0x0000000705400000|  0%| F|  |TAMS 0x0000000705200000, 0x0000000705200000| Untracked 
|   8|0x0000000705400000, 0x0000000705400000, 0x0000000705600000|  0%| F|  |TAMS 0x0000000705400000, 0x0000000705400000| Untracked 
|   9|0x0000000705600000, 0x0000000705600000, 0x0000000705800000|  0%| F|  |TAMS 0x0000000705600000, 0x0000000705600000| Untracked 
|  10|0x0000000705800000, 0x0000000705800000, 0x0000000705a00000|  0%| F|  |TAMS 0x0000000705800000, 0x0000000705800000| Untracked 
|  11|0x0000000705a00000, 0x0000000705a00000, 0x0000000705c00000|  0%| F|  |TAMS 0x0000000705a00000, 0x0000000705a00000| Untracked 
|  12|0x0000000705c00000, 0x0000000705c00000, 0x0000000705e00000|  0%| F|  |TAMS 0x0000000705c00000, 0x0000000705c00000| Untracked 
|  13|0x0000000705e00000, 0x0000000705e00000, 0x0000000706000000|  0%| F|  |TAMS 0x0000000705e00000, 0x0000000705e00000| Untracked 
|  14|0x0000000706000000, 0x0000000706000000, 0x0000000706200000|  0%| F|  |TAMS 0x0000000706000000, 0x0000000706000000| Untracked 
|  15|0x0000000706200000, 0x0000000706200000, 0x0000000706400000|  0%| F|  |TAMS 0x0000000706200000, 0x0000000706200000| Untracked 
|  16|0x0000000706400000, 0x0000000706400000, 0x0000000706600000|  0%| F|  |TAMS 0x0000000706400000, 0x0000000706400000| Untracked 
|  17|0x0000000706600000, 0x0000000706600000, 0x0000000706800000|  0%| F|  |TAMS 0x0000000706600000, 0x0000000706600000| Untracked 
|  18|0x0000000706800000, 0x0000000706800000, 0x0000000706a00000|  0%| F|  |TAMS 0x0000000706800000, 0x0000000706800000| Untracked 
|  19|0x0000000706a00000, 0x0000000706a00000, 0x0000000706c00000|  0%| F|  |TAMS 0x0000000706a00000, 0x0000000706a00000| Untracked 
|  20|0x0000000706c00000, 0x0000000706c00000, 0x0000000706e00000|  0%| F|  |TAMS 0x0000000706c00000, 0x0000000706c00000| Untracked 
|  21|0x0000000706e00000, 0x0000000706e00000, 0x0000000707000000|  0%| F|  |TAMS 0x0000000706e00000, 0x0000000706e00000| Untracked 
|  22|0x0000000707000000, 0x0000000707000000, 0x0000000707200000|  0%| F|  |TAMS 0x0000000707000000, 0x0000000707000000| Untracked 
|  23|0x0000000707200000, 0x0000000707200000, 0x0000000707400000|  0%| F|  |TAMS 0x0000000707200000, 0x0000000707200000| Untracked 
|  24|0x0000000707400000, 0x0000000707400000, 0x0000000707600000|  0%| F|  |TAMS 0x0000000707400000, 0x0000000707400000| Untracked 
|  25|0x0000000707600000, 0x0000000707600000, 0x0000000707800000|  0%| F|  |TAMS 0x0000000707600000, 0x0000000707600000| Untracked 
|  26|0x0000000707800000, 0x0000000707800000, 0x0000000707a00000|  0%| F|  |TAMS 0x0000000707800000, 0x0000000707800000| Untracked 
|  27|0x0000000707a00000, 0x0000000707a00000, 0x0000000707c00000|  0%| F|  |TAMS 0x0000000707a00000, 0x0000000707a00000| Untracked 
|  28|0x0000000707c00000, 0x0000000707c00000, 0x0000000707e00000|  0%| F|  |TAMS 0x0000000707c00000, 0x0000000707c00000| Untracked 
|  29|0x0000000707e00000, 0x0000000707e00000, 0x0000000708000000|  0%| F|  |TAMS 0x0000000707e00000, 0x0000000707e00000| Untracked 
|  30|0x0000000708000000, 0x0000000708000000, 0x0000000708200000|  0%| F|  |TAMS 0x0000000708000000, 0x0000000708000000| Untracked 
|  31|0x0000000708200000, 0x0000000708200000, 0x0000000708400000|  0%| F|  |TAMS 0x0000000708200000, 0x0000000708200000| Untracked 
|  32|0x0000000708400000, 0x0000000708400000, 0x0000000708600000|  0%| F|  |TAMS 0x0000000708400000, 0x0000000708400000| Untracked 
|  33|0x0000000708600000, 0x0000000708600000, 0x0000000708800000|  0%| F|  |TAMS 0x0000000708600000, 0x0000000708600000| Untracked 
|  34|0x0000000708800000, 0x0000000708800000, 0x0000000708a00000|  0%| F|  |TAMS 0x0000000708800000, 0x0000000708800000| Untracked 
|  35|0x0000000708a00000, 0x0000000708a00000, 0x0000000708c00000|  0%| F|  |TAMS 0x0000000708a00000, 0x0000000708a00000| Untracked 
|  36|0x0000000708c00000, 0x0000000708c00000, 0x0000000708e00000|  0%| F|  |TAMS 0x0000000708c00000, 0x0000000708c00000| Untracked 
|  37|0x0000000708e00000, 0x0000000708e00000, 0x0000000709000000|  0%| F|  |TAMS 0x0000000708e00000, 0x0000000708e00000| Untracked 
|  38|0x0000000709000000, 0x0000000709000000, 0x0000000709200000|  0%| F|  |TAMS 0x0000000709000000, 0x0000000709000000| Untracked 
|  39|0x0000000709200000, 0x0000000709200000, 0x0000000709400000|  0%| F|  |TAMS 0x0000000709200000, 0x0000000709200000| Untracked 
|  40|0x0000000709400000, 0x0000000709400000, 0x0000000709600000|  0%| F|  |TAMS 0x0000000709400000, 0x0000000709400000| Untracked 
|  41|0x0000000709600000, 0x0000000709600000, 0x0000000709800000|  0%| F|  |TAMS 0x0000000709600000, 0x0000000709600000| Untracked 
|  42|0x0000000709800000, 0x0000000709800000, 0x0000000709a00000|  0%| F|  |TAMS 0x0000000709800000, 0x0000000709800000| Untracked 
|  43|0x0000000709a00000, 0x0000000709a00000, 0x0000000709c00000|  0%| F|  |TAMS 0x0000000709a00000, 0x0000000709a00000| Untracked 
|  44|0x0000000709c00000, 0x0000000709c00000, 0x0000000709e00000|  0%| F|  |TAMS 0x0000000709c00000, 0x0000000709c00000| Untracked 
|  45|0x0000000709e00000, 0x0000000709e00000, 0x000000070a000000|  0%| F|  |TAMS 0x0000000709e00000, 0x0000000709e00000| Untracked 
|  46|0x000000070a000000, 0x000000070a000000, 0x000000070a200000|  0%| F|  |TAMS 0x000000070a000000, 0x000000070a000000| Untracked 
|  47|0x000000070a200000, 0x000000070a200000, 0x000000070a400000|  0%| F|  |TAMS 0x000000070a200000, 0x000000070a200000| Untracked 
|  48|0x000000070a400000, 0x000000070a400000, 0x000000070a600000|  0%| F|  |TAMS 0x000000070a400000, 0x000000070a400000| Untracked 
|  49|0x000000070a600000, 0x000000070a600000, 0x000000070a800000|  0%| F|  |TAMS 0x000000070a600000, 0x000000070a600000| Untracked 
|  50|0x000000070a800000, 0x000000070a800000, 0x000000070aa00000|  0%| F|  |TAMS 0x000000070a800000, 0x000000070a800000| Untracked 
|  51|0x000000070aa00000, 0x000000070aa00000, 0x000000070ac00000|  0%| F|  |TAMS 0x000000070aa00000, 0x000000070aa00000| Untracked 
|  52|0x000000070ac00000, 0x000000070ac00000, 0x000000070ae00000|  0%| F|  |TAMS 0x000000070ac00000, 0x000000070ac00000| Untracked 
|  53|0x000000070ae00000, 0x000000070ae00000, 0x000000070b000000|  0%| F|  |TAMS 0x000000070ae00000, 0x000000070ae00000| Untracked 
|  54|0x000000070b000000, 0x000000070b000000, 0x000000070b200000|  0%| F|  |TAMS 0x000000070b000000, 0x000000070b000000| Untracked 
|  55|0x000000070b200000, 0x000000070b200000, 0x000000070b400000|  0%| F|  |TAMS 0x000000070b200000, 0x000000070b200000| Untracked 
|  56|0x000000070b400000, 0x000000070b400000, 0x000000070b600000|  0%| F|  |TAMS 0x000000070b400000, 0x000000070b400000| Untracked 
|  57|0x000000070b600000, 0x000000070b600000, 0x000000070b800000|  0%| F|  |TAMS 0x000000070b600000, 0x000000070b600000| Untracked 
|  58|0x000000070b800000, 0x000000070b800000, 0x000000070ba00000|  0%| F|  |TAMS 0x000000070b800000, 0x000000070b800000| Untracked 
|  59|0x000000070ba00000, 0x000000070ba00000, 0x000000070bc00000|  0%| F|  |TAMS 0x000000070ba00000, 0x000000070ba00000| Untracked 
|  60|0x000000070bc00000, 0x000000070bc00000, 0x000000070be00000|  0%| F|  |TAMS 0x000000070bc00000, 0x000000070bc00000| Untracked 
|  61|0x000000070be00000, 0x000000070be00000, 0x000000070c000000|  0%| F|  |TAMS 0x000000070be00000, 0x000000070be00000| Untracked 
|  62|0x000000070c000000, 0x000000070c000000, 0x000000070c200000|  0%| F|  |TAMS 0x000000070c000000, 0x000000070c000000| Untracked 
|  63|0x000000070c200000, 0x000000070c200000, 0x000000070c400000|  0%| F|  |TAMS 0x000000070c200000, 0x000000070c200000| Untracked 
|  64|0x000000070c400000, 0x000000070c400000, 0x000000070c600000|  0%| F|  |TAMS 0x000000070c400000, 0x000000070c400000| Untracked 
|  65|0x000000070c600000, 0x000000070c600000, 0x000000070c800000|  0%| F|  |TAMS 0x000000070c600000, 0x000000070c600000| Untracked 
|  66|0x000000070c800000, 0x000000070c800000, 0x000000070ca00000|  0%| F|  |TAMS 0x000000070c800000, 0x000000070c800000| Untracked 
|  67|0x000000070ca00000, 0x000000070ca00000, 0x000000070cc00000|  0%| F|  |TAMS 0x000000070ca00000, 0x000000070ca00000| Untracked 
|  68|0x000000070cc00000, 0x000000070cc00000, 0x000000070ce00000|  0%| F|  |TAMS 0x000000070cc00000, 0x000000070cc00000| Untracked 
|  69|0x000000070ce00000, 0x000000070ce00000, 0x000000070d000000|  0%| F|  |TAMS 0x000000070ce00000, 0x000000070ce00000| Untracked 
|  70|0x000000070d000000, 0x000000070d000000, 0x000000070d200000|  0%| F|  |TAMS 0x000000070d000000, 0x000000070d000000| Untracked 
|  71|0x000000070d200000, 0x000000070d200000, 0x000000070d400000|  0%| F|  |TAMS 0x000000070d200000, 0x000000070d200000| Untracked 
|  72|0x000000070d400000, 0x000000070d400000, 0x000000070d600000|  0%| F|  |TAMS 0x000000070d400000, 0x000000070d400000| Untracked 
|  73|0x000000070d600000, 0x000000070d600000, 0x000000070d800000|  0%| F|  |TAMS 0x000000070d600000, 0x000000070d600000| Untracked 
|  74|0x000000070d800000, 0x000000070d800000, 0x000000070da00000|  0%| F|  |TAMS 0x000000070d800000, 0x000000070d800000| Untracked 
|  75|0x000000070da00000, 0x000000070da00000, 0x000000070dc00000|  0%| F|  |TAMS 0x000000070da00000, 0x000000070da00000| Untracked 
|  76|0x000000070dc00000, 0x000000070dc00000, 0x000000070de00000|  0%| F|  |TAMS 0x000000070dc00000, 0x000000070dc00000| Untracked 
|  77|0x000000070de00000, 0x000000070de00000, 0x000000070e000000|  0%| F|  |TAMS 0x000000070de00000, 0x000000070de00000| Untracked 
|  78|0x000000070e000000, 0x000000070e000000, 0x000000070e200000|  0%| F|  |TAMS 0x000000070e000000, 0x000000070e000000| Untracked 
|  79|0x000000070e200000, 0x000000070e200000, 0x000000070e400000|  0%| F|  |TAMS 0x000000070e200000, 0x000000070e200000| Untracked 
|  80|0x000000070e400000, 0x000000070e400000, 0x000000070e600000|  0%| F|  |TAMS 0x000000070e400000, 0x000000070e400000| Untracked 
|  81|0x000000070e600000, 0x000000070e600000, 0x000000070e800000|  0%| F|  |TAMS 0x000000070e600000, 0x000000070e600000| Untracked 
|  82|0x000000070e800000, 0x000000070e800000, 0x000000070ea00000|  0%| F|  |TAMS 0x000000070e800000, 0x000000070e800000| Untracked 
|  83|0x000000070ea00000, 0x000000070ea00000, 0x000000070ec00000|  0%| F|  |TAMS 0x000000070ea00000, 0x000000070ea00000| Untracked 
|  84|0x000000070ec00000, 0x000000070ec00000, 0x000000070ee00000|  0%| F|  |TAMS 0x000000070ec00000, 0x000000070ec00000| Untracked 
|  85|0x000000070ee00000, 0x000000070ee00000, 0x000000070f000000|  0%| F|  |TAMS 0x000000070ee00000, 0x000000070ee00000| Untracked 
|  86|0x000000070f000000, 0x000000070f000000, 0x000000070f200000|  0%| F|  |TAMS 0x000000070f000000, 0x000000070f000000| Untracked 
|  87|0x000000070f200000, 0x000000070f200000, 0x000000070f400000|  0%| F|  |TAMS 0x000000070f200000, 0x000000070f200000| Untracked 
|  88|0x000000070f400000, 0x000000070f400000, 0x000000070f600000|  0%| F|  |TAMS 0x000000070f400000, 0x000000070f400000| Untracked 
|  89|0x000000070f600000, 0x000000070f600000, 0x000000070f800000|  0%| F|  |TAMS 0x000000070f600000, 0x000000070f600000| Untracked 
|  90|0x000000070f800000, 0x000000070f800000, 0x000000070fa00000|  0%| F|  |TAMS 0x000000070f800000, 0x000000070f800000| Untracked 
|  91|0x000000070fa00000, 0x000000070fa00000, 0x000000070fc00000|  0%| F|  |TAMS 0x000000070fa00000, 0x000000070fa00000| Untracked 
|  92|0x000000070fc00000, 0x000000070fc00000, 0x000000070fe00000|  0%| F|  |TAMS 0x000000070fc00000, 0x000000070fc00000| Untracked 
|  93|0x000000070fe00000, 0x000000070fe00000, 0x0000000710000000|  0%| F|  |TAMS 0x000000070fe00000, 0x000000070fe00000| Untracked 
|  94|0x0000000710000000, 0x0000000710000000, 0x0000000710200000|  0%| F|  |TAMS 0x0000000710000000, 0x0000000710000000| Untracked 
|  95|0x0000000710200000, 0x0000000710200000, 0x0000000710400000|  0%| F|  |TAMS 0x0000000710200000, 0x0000000710200000| Untracked 
|  96|0x0000000710400000, 0x0000000710400000, 0x0000000710600000|  0%| F|  |TAMS 0x0000000710400000, 0x0000000710400000| Untracked 
|  97|0x0000000710600000, 0x0000000710600000, 0x0000000710800000|  0%| F|  |TAMS 0x0000000710600000, 0x0000000710600000| Untracked 
|  98|0x0000000710800000, 0x0000000710800000, 0x0000000710a00000|  0%| F|  |TAMS 0x0000000710800000, 0x0000000710800000| Untracked 
|  99|0x0000000710a00000, 0x0000000710a00000, 0x0000000710c00000|  0%| F|  |TAMS 0x0000000710a00000, 0x0000000710a00000| Untracked 
| 100|0x0000000710c00000, 0x0000000710c00000, 0x0000000710e00000|  0%| F|  |TAMS 0x0000000710c00000, 0x0000000710c00000| Untracked 
| 101|0x0000000710e00000, 0x0000000710e00000, 0x0000000711000000|  0%| F|  |TAMS 0x0000000710e00000, 0x0000000710e00000| Untracked 
| 102|0x0000000711000000, 0x0000000711000000, 0x0000000711200000|  0%| F|  |TAMS 0x0000000711000000, 0x0000000711000000| Untracked 
| 103|0x0000000711200000, 0x0000000711200000, 0x0000000711400000|  0%| F|  |TAMS 0x0000000711200000, 0x0000000711200000| Untracked 
| 104|0x0000000711400000, 0x0000000711400000, 0x0000000711600000|  0%| F|  |TAMS 0x0000000711400000, 0x0000000711400000| Untracked 
| 105|0x0000000711600000, 0x0000000711600000, 0x0000000711800000|  0%| F|  |TAMS 0x0000000711600000, 0x0000000711600000| Untracked 
| 106|0x0000000711800000, 0x0000000711800000, 0x0000000711a00000|  0%| F|  |TAMS 0x0000000711800000, 0x0000000711800000| Untracked 
| 107|0x0000000711a00000, 0x0000000711a00000, 0x0000000711c00000|  0%| F|  |TAMS 0x0000000711a00000, 0x0000000711a00000| Untracked 
| 108|0x0000000711c00000, 0x0000000711c00000, 0x0000000711e00000|  0%| F|  |TAMS 0x0000000711c00000, 0x0000000711c00000| Untracked 
| 109|0x0000000711e00000, 0x0000000711e00000, 0x0000000712000000|  0%| F|  |TAMS 0x0000000711e00000, 0x0000000711e00000| Untracked 
| 110|0x0000000712000000, 0x0000000712000000, 0x0000000712200000|  0%| F|  |TAMS 0x0000000712000000, 0x0000000712000000| Untracked 
| 111|0x0000000712200000, 0x0000000712200000, 0x0000000712400000|  0%| F|  |TAMS 0x0000000712200000, 0x0000000712200000| Untracked 
| 112|0x0000000712400000, 0x0000000712400000, 0x0000000712600000|  0%| F|  |TAMS 0x0000000712400000, 0x0000000712400000| Untracked 
| 113|0x0000000712600000, 0x0000000712600000, 0x0000000712800000|  0%| F|  |TAMS 0x0000000712600000, 0x0000000712600000| Untracked 
| 114|0x0000000712800000, 0x0000000712800000, 0x0000000712a00000|  0%| F|  |TAMS 0x0000000712800000, 0x0000000712800000| Untracked 
| 115|0x0000000712a00000, 0x0000000712a00000, 0x0000000712c00000|  0%| F|  |TAMS 0x0000000712a00000, 0x0000000712a00000| Untracked 
| 116|0x0000000712c00000, 0x0000000712c00000, 0x0000000712e00000|  0%| F|  |TAMS 0x0000000712c00000, 0x0000000712c00000| Untracked 
| 117|0x0000000712e00000, 0x0000000712e00000, 0x0000000713000000|  0%| F|  |TAMS 0x0000000712e00000, 0x0000000712e00000| Untracked 
| 118|0x0000000713000000, 0x0000000713000000, 0x0000000713200000|  0%| F|  |TAMS 0x0000000713000000, 0x0000000713000000| Untracked 
| 119|0x0000000713200000, 0x0000000713200000, 0x0000000713400000|  0%| F|  |TAMS 0x0000000713200000, 0x0000000713200000| Untracked 
| 120|0x0000000713400000, 0x0000000713400000, 0x0000000713600000|  0%| F|  |TAMS 0x0000000713400000, 0x0000000713400000| Untracked 
| 121|0x0000000713600000, 0x0000000713600000, 0x0000000713800000|  0%| F|  |TAMS 0x0000000713600000, 0x0000000713600000| Untracked 
| 122|0x0000000713800000, 0x0000000713800000, 0x0000000713a00000|  0%| F|  |TAMS 0x0000000713800000, 0x0000000713800000| Untracked 
| 123|0x0000000713a00000, 0x0000000713a00000, 0x0000000713c00000|  0%| F|  |TAMS 0x0000000713a00000, 0x0000000713a00000| Untracked 
| 124|0x0000000713c00000, 0x0000000713c71258, 0x0000000713e00000| 22%| E|  |TAMS 0x0000000713c00000, 0x0000000713c00000| Complete 
| 125|0x0000000713e00000, 0x0000000714000000, 0x0000000714000000|100%| E|CS|TAMS 0x0000000713e00000, 0x0000000713e00000| Complete 

Card table byte_map: [0x0000023ae2970000,0x0000023ae3150000] _byte_map_base: 0x0000023adf14e000

Marking Bits (Prev, Next): (CMBitMap*) 0x0000023acab9d250, (CMBitMap*) 0x0000023acab9d290
 Prev Bits: [0x0000023ae3930000, 0x0000023ae7820000)
 Next Bits: [0x0000023ae7820000, 0x0000023aeb710000)

Polling page: 0x0000023ac89e0000

Metaspace:

Usage:
  Non-class:      4.56 MB used.
      Class:    399.36 KB used.
       Both:      4.95 MB used.

Virtual space:
  Non-class space:       64.00 MB reserved,       4.63 MB (  7%) committed,  1 nodes.
      Class space:        1.00 GB reserved,     512.00 KB ( <1%) committed,  1 nodes.
             Both:        1.06 GB reserved,       5.13 MB ( <1%) committed. 

Chunk freelists:
   Non-Class:  3.00 MB
       Class:  3.56 MB
        Both:  6.56 MB

MaxMetaspaceSize: unlimited
CompressedClassSpaceSize: 1.00 GB
Initial GC threshold: 21.00 MB
Current GC threshold: 21.00 MB
CDS: off
MetaspaceReclaimPolicy: balanced
 - commit_granule_bytes: 65536.
 - commit_granule_words: 8192.
 - virtual_space_node_default_size: 8388608.
 - enlarge_chunks_in_place: 1.
 - new_chunks_are_fully_committed: 0.
 - uncommit_free_chunks: 1.
 - use_allocation_guard: 0.


Internal statistics:

num_allocs_failed_limit: 0.
num_arena_births: 6.
num_arena_deaths: 0.
num_vsnodes_births: 2.
num_vsnodes_deaths: 0.
num_space_committed: 82.
num_space_uncommitted: 0.
num_chunks_returned_to_freelist: 0.
num_chunks_taken_from_freelist: 10.
num_chunk_merges: 0.
num_chunk_splits: 5.
num_chunks_enlarged: 2.
num_inconsistent_stats: 0.

CodeHeap 'non-profiled nmethods': size=119168Kb used=620Kb max_used=620Kb free=118548Kb
 bounds [0x0000023ada290000, 0x0000023ada500000, 0x0000023ae16f0000]
CodeHeap 'profiled nmethods': size=119104Kb used=203Kb max_used=203Kb free=118900Kb
 bounds [0x0000023ad2e40000, 0x0000023ad30b0000, 0x0000023ada290000]
CodeHeap 'non-nmethods': size=7488Kb used=2213Kb max_used=2229Kb free=5274Kb
 bounds [0x0000023ad26f0000, 0x0000023ad29a0000, 0x0000023ad2e40000]
 total_blobs=526 nmethods=180 adapters=256
 compilation: enabled
              stopped_count=0, restarted_count=0
 full_count=0

Compilation events (20 events):
Event: 0.106 Thread 0x0000023aee746510 nmethod 129 0x0000023ada324d10 code [0x0000023ada324ea0, 0x0000023ada324f78]
Event: 0.106 Thread 0x0000023a841a3fe0 nmethod 127 0x0000023ada325010 code [0x0000023ada3251a0, 0x0000023ada325278]
Event: 0.106 Thread 0x0000023aee746510  128       1       java.lang.module.ModuleDescriptor$Exports::source (5 bytes)
Event: 0.106 Thread 0x0000023a841a3fe0  107       3       java.util.HashMap::put (13 bytes)
Event: 0.106 Thread 0x0000023aee746510 nmethod 128 0x0000023ada325310 code [0x0000023ada3254a0, 0x0000023ada325578]
Event: 0.106 Thread 0x0000023aee746510  112       1       java.lang.module.ModuleDescriptor$Requires::modifiers (5 bytes)
Event: 0.106 Thread 0x0000023aee746a10 nmethod 130 0x0000023ad2e64f10 code [0x0000023ad2e650c0, 0x0000023ad2e652e8]
Event: 0.106 Thread 0x0000023aee746510 nmethod 112 0x0000023ada325610 code [0x0000023ada3257a0, 0x0000023ada325878]
Event: 0.106 Thread 0x0000023aee746a10  125       3       java.util.HashMap::containsKey (14 bytes)
Event: 0.106 Thread 0x0000023aee746510  120       1       java.lang.module.ModuleDescriptor::requires (5 bytes)
Event: 0.106 Thread 0x0000023aee746510 nmethod 120 0x0000023ada325910 code [0x0000023ada325aa0, 0x0000023ada325b78]
Event: 0.106 Thread 0x0000023a841a3fe0 nmethod 107 0x0000023ad2e65390 code [0x0000023ad2e65540, 0x0000023ad2e65838]
Event: 0.106 Thread 0x0000023aee746510  131       3       java.util.ImmutableCollections$SetN::isEmpty (13 bytes)
Event: 0.106 Thread 0x0000023a841a3fe0  134       3       java.util.ImmutableCollections$Set12::contains (28 bytes)
Event: 0.106 Thread 0x0000023aee746a10 nmethod 125 0x0000023ad2e65990 code [0x0000023ad2e65b40, 0x0000023ad2e65ce8]
Event: 0.106 Thread 0x0000023aee746510 nmethod 131 0x0000023ad2e65d90 code [0x0000023ad2e65f20, 0x0000023ad2e66098]
Event: 0.106 Thread 0x0000023aee746510  109       3       java.util.ImmutableCollections$Set12$1::hasNext (13 bytes)
Event: 0.106 Thread 0x0000023aee746a10  135       3       java.lang.Object::equals (11 bytes)
Event: 0.106 Thread 0x0000023aee746510 nmethod 109 0x0000023ad2e66110 code [0x0000023ad2e662a0, 0x0000023ad2e66418]
Event: 0.106 Thread 0x0000023aee746510  132       3       java.util.HashMap::putIfAbsent (13 bytes)

GC Heap History (0 events):
No events

Deoptimization events (0 events):
No events

Classes loaded (20 events):
Event: 0.102 Loading class java/lang/module/ModuleFinder$1
Event: 0.102 Loading class java/lang/module/ModuleFinder$1 done
Event: 0.102 Loading class java/util/ImmutableCollections$ListItr
Event: 0.102 Loading class java/util/ListIterator
Event: 0.102 Loading class java/util/ListIterator done
Event: 0.102 Loading class java/util/ImmutableCollections$ListItr done
Event: 0.102 Loading class java/lang/ModuleLayer
Event: 0.103 Loading class java/lang/ModuleLayer done
Event: 0.103 Loading class java/util/HashMap$Values
Event: 0.103 Loading class java/util/HashMap$Values done
Event: 0.103 Loading class java/util/HashMap$ValueIterator
Event: 0.103 Loading class java/util/HashMap$ValueIterator done
Event: 0.103 Loading class java/util/LinkedHashSet
Event: 0.103 Loading class java/util/LinkedHashSet done
Event: 0.103 Loading class java/util/LinkedHashMap
Event: 0.103 Loading class java/util/LinkedHashMap done
Event: 0.104 Loading class java/util/Collections$UnmodifiableCollection$1
Event: 0.104 Loading class java/util/Collections$UnmodifiableCollection$1 done
Event: 0.104 Loading class java/lang/module/ResolvedModule
Event: 0.104 Loading class java/lang/module/ResolvedModule done

Classes unloaded (0 events):
No events

Classes redefined (0 events):
No events

Internal exceptions (0 events):
No events

VM Operations (2 events):
Event: 0.104 Executing VM operation: HandshakeAllThreads
Event: 0.104 Executing VM operation: HandshakeAllThreads done

Events (16 events):
Event: 0.007 Loaded shared library C:\Users\18280\.jdks\corretto-18.0.2\bin\java.dll
Event: 0.028 Loaded shared library C:\Users\18280\.jdks\corretto-18.0.2\bin\jsvml.dll
Event: 0.028 Thread 0x0000023acab2a820 Thread added: 0x0000023acab2a820
Event: 0.032 Thread 0x0000023a840438d0 Thread added: 0x0000023a840438d0
Event: 0.032 Thread 0x0000023aee7cf6d0 Thread added: 0x0000023aee7cf6d0
Event: 0.053 Thread 0x0000023aee7de580 Thread added: 0x0000023aee7de580
Event: 0.053 Thread 0x0000023a840807d0 Thread added: 0x0000023a840807d0
Event: 0.053 Thread 0x0000023a84081080 Thread added: 0x0000023a84081080
Event: 0.053 Thread 0x0000023a84081930 Thread added: 0x0000023a84081930
Event: 0.053 Thread 0x0000023a84082600 Thread added: 0x0000023a84082600
Event: 0.053 Thread 0x0000023a84084ff0 Thread added: 0x0000023a84084ff0
Event: 0.053 Thread 0x0000023a84099010 Thread added: 0x0000023a84099010
Event: 0.094 Thread 0x0000023a841a3b20 Thread added: 0x0000023a841a3b20
Event: 0.103 Thread 0x0000023a841a3fe0 Thread added: 0x0000023a841a3fe0
Event: 0.105 Thread 0x0000023aee746510 Thread added: 0x0000023aee746510
Event: 0.105 Thread 0x0000023aee746a10 Thread added: 0x0000023aee746a10


Dynamic libraries:
0x00007ff6d5d50000 - 0x00007ff6d5d5d000 	C:\Users\18280\.jdks\corretto-18.0.2\bin\java.exe
0x00007ffbcab70000 - 0x00007ffbcad87000 	C:\WINDOWS\SYSTEM32\ntdll.dll
0x00007ffbc92c0000 - 0x00007ffbc9384000 	C:\WINDOWS\System32\KERNEL32.DLL
0x00007ffbc8000000 - 0x00007ffbc83a6000 	C:\WINDOWS\System32\KERNELBASE.dll
0x00007ffbc7ee0000 - 0x00007ffbc7ff1000 	C:\WINDOWS\System32\ucrtbase.dll
0x00007ffbb1b50000 - 0x00007ffbb1b67000 	C:\Users\18280\.jdks\corretto-18.0.2\bin\jli.dll
0x00007ffbc2e20000 - 0x00007ffbc2e35000 	C:\Users\18280\.jdks\corretto-18.0.2\bin\VCRUNTIME140.dll
0x00007ffbc9ca0000 - 0x00007ffbc9e4e000 	C:\WINDOWS\System32\USER32.dll
0x00007ffbc83b0000 - 0x00007ffbc83d6000 	C:\WINDOWS\System32\win32u.dll
0x00007ffbc88c0000 - 0x00007ffbc88e9000 	C:\WINDOWS\System32\GDI32.dll
0x00007ffb9f3c0000 - 0x00007ffb9f653000 	C:\WINDOWS\WinSxS\amd64_microsoft.windows.common-controls_6595b64144ccf1df_6.0.22621.2506_none_270c5ae97388e100\COMCTL32.dll
0x00007ffbc8480000 - 0x00007ffbc8598000 	C:\WINDOWS\System32\gdi32full.dll
0x00007ffbc9020000 - 0x00007ffbc90c7000 	C:\WINDOWS\System32\msvcrt.dll
0x00007ffbc83e0000 - 0x00007ffbc847a000 	C:\WINDOWS\System32\msvcp_win.dll
0x00007ffbc8fe0000 - 0x00007ffbc9011000 	C:\WINDOWS\System32\IMM32.DLL
0x00007ffbaf840000 - 0x00007ffbaf8db000 	C:\Users\18280\.jdks\corretto-18.0.2\bin\msvcp140.dll
0x00007ffb310e0000 - 0x00007ffb31d51000 	C:\Users\18280\.jdks\corretto-18.0.2\bin\server\jvm.dll
0x00007ffbc9150000 - 0x00007ffbc9201000 	C:\WINDOWS\System32\ADVAPI32.dll
0x00007ffbc9bf0000 - 0x00007ffbc9c95000 	C:\WINDOWS\System32\sechost.dll
0x00007ffbc8b40000 - 0x00007ffbc8c57000 	C:\WINDOWS\System32\RPCRT4.dll
0x00007ffbc8f00000 - 0x00007ffbc8f08000 	C:\WINDOWS\System32\PSAPI.DLL
0x00007ffb90920000 - 0x00007ffb90929000 	C:\WINDOWS\SYSTEM32\WSOCK32.dll
0x00007ffbb9e40000 - 0x00007ffbb9e4a000 	C:\WINDOWS\SYSTEM32\VERSION.dll
0x00007ffbb7860000 - 0x00007ffbb7894000 	C:\WINDOWS\SYSTEM32\WINMM.dll
0x00007ffbc88f0000 - 0x00007ffbc8961000 	C:\WINDOWS\System32\WS2_32.dll
0x00007ffbc6fd0000 - 0x00007ffbc6fe8000 	C:\WINDOWS\SYSTEM32\kernel.appcore.dll
0x00007ffbc2e10000 - 0x00007ffbc2e1a000 	C:\Users\18280\.jdks\corretto-18.0.2\bin\jimage.dll
0x00007ffbc52a0000 - 0x00007ffbc54d3000 	C:\WINDOWS\SYSTEM32\DBGHELP.DLL
0x00007ffbc9eb0000 - 0x00007ffbca239000 	C:\WINDOWS\System32\combase.dll
0x00007ffbca9c0000 - 0x00007ffbcaa97000 	C:\WINDOWS\System32\OLEAUT32.dll
0x00007ffbb1c30000 - 0x00007ffbb1c62000 	C:\WINDOWS\SYSTEM32\dbgcore.DLL
0x00007ffbc8660000 - 0x00007ffbc86da000 	C:\WINDOWS\System32\bcryptPrimitives.dll
0x00007ffbc1cf0000 - 0x00007ffbc1cfe000 	C:\Users\18280\.jdks\corretto-18.0.2\bin\instrument.dll
0x00007ffbafc50000 - 0x00007ffbafc75000 	C:\Users\18280\.jdks\corretto-18.0.2\bin\java.dll
0x00007ffbaf760000 - 0x00007ffbaf836000 	C:\Users\18280\.jdks\corretto-18.0.2\bin\jsvml.dll
0x00007ffbc9390000 - 0x00007ffbc9bea000 	C:\WINDOWS\System32\SHELL32.dll
0x00007ffbc5e10000 - 0x00007ffbc6706000 	C:\WINDOWS\SYSTEM32\windows.storage.dll
0x00007ffbc5cd0000 - 0x00007ffbc5e0e000 	C:\WINDOWS\SYSTEM32\wintypes.dll
0x00007ffbc8e00000 - 0x00007ffbc8ef3000 	C:\WINDOWS\System32\SHCORE.dll
0x00007ffbc8f60000 - 0x00007ffbc8fbe000 	C:\WINDOWS\System32\shlwapi.dll
0x00007ffbc7e10000 - 0x00007ffbc7e36000 	C:\WINDOWS\SYSTEM32\profapi.dll

dbghelp: loaded successfully - version: 4.0.5 - missing functions: none
symbol engine: initialized successfully - sym options: 0x614 - pdb path: .;C:\Users\18280\.jdks\corretto-18.0.2\bin;C:\WINDOWS\SYSTEM32;C:\WINDOWS\WinSxS\amd64_microsoft.windows.common-controls_6595b64144ccf1df_6.0.22621.2506_none_270c5ae97388e100;C:\Users\18280\.jdks\corretto-18.0.2\bin\server

VM Arguments:
jvm_args: -Dmaven.multiModuleProjectDirectory=D:\EdgeData\SpringBoot-Vue-Template-Jwt-main\SpringBoot-Vue-Template-Jwt-main\my-project-backend -Djansi.passthrough=true -Dmaven.home=E:\IntelliJ IDEA 2023.3.2\plugins\maven\lib\maven3 -Dclassworlds.conf=E:\IntelliJ IDEA 2023.3.2\plugins\maven\lib\maven3\bin\m2.conf -Dmaven.ext.class.path=E:\IntelliJ IDEA 2023.3.2\plugins\maven\lib\maven-event-listener.jar -javaagent:E:\IntelliJ IDEA 2023.3.2\lib\idea_rt.jar=60936:E:\IntelliJ IDEA 2023.3.2\bin -Dfile.encoding=UTF-8 -Dsun.stdout.encoding=UTF-8 -Dsun.stderr.encoding=UTF-8 
java_command: org.codehaus.classworlds.Launcher -Didea.version=2023.3.2 install
java_class_path (initial): E:\IntelliJ IDEA 2023.3.2\plugins\maven\lib\maven3\boot\plexus-classworlds-2.7.0.jar;E:\IntelliJ IDEA 2023.3.2\plugins\maven\lib\maven3\boot\plexus-classworlds.license
Launcher Type: SUN_STANDARD

[Global flags]
     intx CICompilerCount                          = 12                                        {product} {ergonomic}
     uint ConcGCThreads                            = 4                                         {product} {ergonomic}
     uint G1ConcRefinementThreads                  = 15                                        {product} {ergonomic}
   size_t G1HeapRegionSize                         = 2097152                                   {product} {ergonomic}
    uintx GCDrainStackTargetSize                   = 64                                        {product} {ergonomic}
   size_t InitialHeapSize                          = 264241152                                 {product} {ergonomic}
   size_t MarkStackSize                            = 4194304                                   {product} {ergonomic}
   size_t MaxHeapSize                              = 4223664128                                {product} {ergonomic}
   size_t MaxNewSize                               = 2533359616                                {product} {ergonomic}
   size_t MinHeapDeltaBytes                        = 2097152                                   {product} {ergonomic}
   size_t MinHeapSize                              = 8388608                                   {product} {ergonomic}
    uintx NonNMethodCodeHeapSize                   = 7602480                                {pd product} {ergonomic}
    uintx NonProfiledCodeHeapSize                  = 122027880                              {pd product} {ergonomic}
    uintx ProfiledCodeHeapSize                     = 122027880                              {pd product} {ergonomic}
    uintx ReservedCodeCacheSize                    = 251658240                              {pd product} {ergonomic}
     bool SegmentedCodeCache                       = true                                      {product} {ergonomic}
   size_t SoftMaxHeapSize                          = 4223664128                             {manageable} {ergonomic}
     bool UseCompressedClassPointers               = true                           {product lp64_product} {ergonomic}
     bool UseCompressedOops                        = true                           {product lp64_product} {ergonomic}
     bool UseG1GC                                  = true                                      {product} {ergonomic}
     bool UseLargePagesIndividualAllocation        = false                                  {pd product} {ergonomic}

Logging:
Log output configuration:
 #0: stdout all=warning uptime,level,tags foldmultilines=false
 #1: stderr all=off uptime,level,tags foldmultilines=false

Environment Variables:
JAVA_HOME=D:\JDBK
PATH=C:\Program Files (x86)\Common Files\Intel\Shared Libraries\redist\intel64\compiler;C:\Program Files\NVIDIA GPU Computing Toolkit\CUDA\v11.7\bin;C:\Program Files\NVIDIA GPU Computing Toolkit\CUDA\v11.7\libnvvp;E:\VMware\VMware Workstation\bin\;C:\Program Files (x86)\NVIDIA Corporation\PhysX\Common;C:\WINDOWS;C:\WINDOWS\System32\Wbem;C:\WINDOWS\System32\WindowsPowerShell\v1.0\;D:\Git\usr\bin\;C:\Program Files\dotnet\;D:\MinGW\bin;D:\Matlab\bin;C:\ProgramData\chocolatey\bin;node_global;C:\Program Files\NVIDIA Corporation\Nsight Compute 2022.2.0\;D:\Git\cmd;D:\JRE\bin;D:\nvm;C:\Program Files\nodejs;C:\Program Files\nodejs\;D:\QT\QT5.12.9\5.12.9\mingw73_64\bin;D:\QT\QT5.12.9\Tools\mingw730_64\bin;D:\QT\QT5.12.9\Tools\QtCreator;C:\Program Files\NVIDIA Corporation\NVIDIA NvDLISR;C:\Program Files\nodejs\node_global;C:\WINDOWS\System32\;E:\Masm5\Masm5;E:\MySQL\bin;E:\IntelliJ IDEA Community Edition 2023.3.2\bin;E:\apache-maven-3.9.6\bin;D:\SoftWare\;D:\java\bin;E:\Erlang OTP\bin;C:\Users\18280\AppData\Local\Programs\Python\Python310\Scripts\;C:\Users\18280\AppData\Local\Programs\Python\Python310\;C:\Users\18280\AppData\Local\Microsoft\WindowsApps;D:\Microsoft VS Code\bin;C:\Users\18280\.dotnet\tools;E:\IntelliJ IDEA 2023.3.2\bin;;D:\nvm;C:\Program Files\nodejs;C:\Users\18280\AppData\Roaming\npm;C:\Users\18280\AppData\Local\GitHubDesktop\bin;D:\Git\usr\bin\;E:\IntelliJ IDEA Community Edition 2023.3.2\bin;;
USERNAME=18280
OS=Windows_NT
PROCESSOR_IDENTIFIER=Intel64 Family 6 Model 154 Stepping 3, GenuineIntel



---------------  S Y S T E M  ---------------

OS:
 Windows 11 , 64 bit Build 22621 (10.0.22621.2506)
OS uptime: 0 days 1:12 hours

CPU: total 20 (initial active 20) (10 cores per cpu, 2 threads per core) family 6 model 154 stepping 3 microcode 0x413, cx8, cmov, fxsr, ht, mmx, 3dnowpref, sse, sse2, sse3, ssse3, sse4.1, sse4.2, popcnt, lzcnt, tsc, tscinvbit, avx, avx2, aes, erms, clmul, bmi1, bmi2, adx, sha, fma, vzeroupper, clflush, clflushopt, clwb, serialize

Memory: 4k page, system-wide physical 16108M (5602M free)
TotalPageFile size 41708M (AvailPageFile size 1M)
current process WorkingSet (physical memory assigned to process): 32M, peak: 32M
current process commit charge ("private bytes"): 349M, peak: 349M

vm_info: OpenJDK 64-Bit Server VM (18.0.2+9-FR) for windows-amd64 JRE (18.0.2+9-FR), built on Jul 15 2022 20:03:03 by "Administrator" with MS VC++ 15.9 (VS2017)

END.
